<?xml version="1.0" encoding="UTF-8"?>
<!-- Generated by org.testng.reporters.JUnitReportReporter -->
<testsuite hostname="Gigin" failures="0" tests="3" name="testngprograms.testng1" time="0.024" errors="0" timestamp="2024-05-12T14:12:37 IST" skipped="0">
  <testcase classname="testngprograms.testng1" name="test2" time="0.005"/>
  <testcase classname="testngprograms.testng1" name="test" time="0.014"/>
  <testcase classname="testngprograms.testng1" name="test1" time="0.005"/>
</testsuite> <!-- testngprograms.testng1 -->
