<?xml version="1.0" encoding="UTF-8"?>
<!-- Generated by org.testng.reporters.JUnitReportReporter -->
<testsuite hostname="Gigin" failures="0" tests="1" name="testngprograms.Screenshotpgm" time="0.574" errors="0" timestamp="2024-04-17T23:06:04 IST" skipped="0">
  <testcase classname="testngprograms.Screenshotpgm" name="Scrrensot" time="0.574"/>
</testsuite> <!-- testngprograms.Screenshotpgm -->
