<?xml version="1.0" encoding="UTF-8"?>
<!-- Generated by org.testng.reporters.JUnitReportReporter -->
<testsuite hostname="Gigin" failures="0" tests="1" name="testngprograms.autoitpgm" time="2.796" errors="0" timestamp="2024-04-19T15:53:17 IST" skipped="0">
  <testcase classname="testngprograms.autoitpgm" name="pdf" time="2.796"/>
</testsuite> <!-- testngprograms.autoitpgm -->
