<?xml version="1.0" encoding="UTF-8"?>
<!-- Generated by org.testng.reporters.JUnitReportReporter -->
<testsuite hostname="Gigin" failures="0" tests="1" name="testngprograms.draganddrop" time="1.008" errors="0" timestamp="2024-04-18T22:31:42 IST" skipped="0">
  <testcase classname="testngprograms.draganddrop" name="gurutest" time="1.008"/>
</testsuite> <!-- testngprograms.draganddrop -->
