<?xml version="1.0" encoding="UTF-8"?>
<!-- Generated by org.testng.reporters.JUnitReportReporter -->
<testsuite hostname="Gigin" failures="0" tests="1" name="testngprograms.Assertionpgm" time="1.460" errors="0" timestamp="2024-04-23T15:06:12 IST" skipped="0">
  <testcase classname="testngprograms.Assertionpgm" name="test1" time="1.460"/>
</testsuite> <!-- testngprograms.Assertionpgm -->
