<?xml version="1.0" encoding="UTF-8"?>
<!-- Generated by org.testng.reporters.JUnitReportReporter -->
<testsuite hostname="Gigin" failures="0" tests="1" name="testpkg.Fbtest" time="6.446" errors="0" timestamp="2024-04-29T15:36:15 IST" skipped="0">
  <testcase classname="testpkg.Fbtest" name="verifyLoginWithValidCred" time="6.446"/>
</testsuite> <!-- testpkg.Fbtest -->
