<?xml version="1.0" encoding="UTF-8"?>
<!-- Generated by org.testng.reporters.JUnitReportReporter -->
<testsuite hostname="Gigin" failures="0" tests="1" name="testngprograms.Actionpgm" time="1.313" errors="0" timestamp="2024-05-12T00:29:34 IST" skipped="0">
  <testcase classname="testngprograms.Actionpgm" name="Actionnn" time="1.313"/>
</testsuite> <!-- testngprograms.Actionpgm -->
