<?xml version="1.0" encoding="UTF-8"?>
<!-- Generated by org.testng.reporters.JUnitReportReporter -->
<testsuite hostname="Gigin" failures="0" tests="1" name="testngprograms.TaskGurusite" time="2.228" errors="0" timestamp="2024-04-17T15:09:14 IST" skipped="0">
  <testcase classname="testngprograms.TaskGurusite" name="gurutest" time="2.228"/>
</testsuite> <!-- testngprograms.TaskGurusite -->
