<?xml version="1.0" encoding="UTF-8"?>
<!-- Generated by org.testng.reporters.JUnitReportReporter -->
<testsuite hostname="Gigin" failures="0" tests="1" name="testngprograms.Datepickerpgm" time="9.570" errors="0" timestamp="2024-04-24T15:14:53 IST" skipped="0">
  <testcase classname="testngprograms.Datepickerpgm" name="testing" time="9.570"/>
</testsuite> <!-- testngprograms.Datepickerpgm -->
