<?xml version="1.0" encoding="UTF-8"?>
<!-- Generated by org.testng.reporters.JUnitReportReporter -->
<testsuite hostname="Gigin" failures="0" tests="1" name="testngprograms.fileupload" time="0.247" errors="0" timestamp="2024-04-19T22:12:37 IST" skipped="0">
  <testcase classname="testngprograms.fileupload" name="fileuploadd" time="0.247"/>
</testsuite> <!-- testngprograms.fileupload -->
