<?xml version="1.0" encoding="UTF-8"?>
<!-- Generated by org.testng.reporters.JUnitReportReporter -->
<testsuite hostname="Gigin" failures="0" tests="1" name="testngprograms.datadriventesting" time="32.280" errors="0" timestamp="2024-04-22T23:37:07 IST" skipped="0">
  <testcase classname="testngprograms.datadriventesting" name="main" time="32.280"/>
</testsuite> <!-- testngprograms.datadriventesting -->
