<?xml version="1.0" encoding="UTF-8"?>
<!-- Generated by org.testng.reporters.JUnitReportReporter -->
<testsuite hostname="Gigin" failures="0" tests="1" name="testngprograms.Scrolldownandwait" time="4.350" errors="0" timestamp="2024-04-21T23:49:29 IST" skipped="0">
  <testcase classname="testngprograms.Scrolldownandwait" name="scroldown" time="4.350"/>
</testsuite> <!-- testngprograms.Scrolldownandwait -->
