<?xml version="1.0" encoding="UTF-8"?>
<!-- Generated by org.testng.reporters.JUnitReportReporter -->
<testsuite hostname="Gigin" failures="0" tests="1" name="testngprograms.windowhandlepgm" time="14.957" errors="0" timestamp="2024-05-12T20:19:17 IST" skipped="0">
  <testcase classname="testngprograms.windowhandlepgm" name="test1" time="14.957"/>
</testsuite> <!-- testngprograms.windowhandlepgm -->
