<?xml version="1.0" encoding="UTF-8"?>
<!-- Generated by org.testng.reporters.JUnitReportReporter -->
<testsuite hostname="Gigin" failures="0" tests="1" name="testngprograms.Assignmentmaven" time="8.259" errors="0" timestamp="2024-04-30T13:50:21 IST" skipped="0">
  <testcase classname="testngprograms.Assignmentmaven" name="test" time="8.259"/>
</testsuite> <!-- testngprograms.Assignmentmaven -->
