<?xml version="1.0" encoding="UTF-8"?>
<!-- Generated by org.testng.reporters.JUnitReportReporter -->
<testsuite hostname="Gigin" failures="0" tests="1" name="Testpom.Fblogintest" time="2.041" errors="0" timestamp="2024-04-27T14:53:42 IST" skipped="0">
  <testcase classname="Testpom.Fblogintest" name="testlogin" time="2.041"/>
</testsuite> <!-- Testpom.Fblogintest -->
