<?xml version="1.0" encoding="UTF-8"?>
<!-- Generated by org.testng.reporters.JUnitReportReporter -->
<testsuite hostname="Gigin" failures="0" tests="1" name="testngprograms.testngnew" time="11.915" errors="0" timestamp="2024-04-17T14:12:12 IST" skipped="0">
  <testcase classname="testngprograms.testngnew" name="setup" time="11.915"/>
</testsuite> <!-- testngprograms.testngnew -->
