<?xml version="1.0" encoding="UTF-8"?>
<!-- Generated by org.testng.reporters.JUnitReportReporter -->
<testsuite hostname="Gigin" failures="0" tests="1" name="testngprograms.googlenotloading" time="4.961" errors="0" timestamp="2024-04-19T00:07:27 IST" skipped="0">
  <testcase classname="testngprograms.googlenotloading" name="url" time="4.961"/>
</testsuite> <!-- testngprograms.googlenotloading -->
