<?xml version="1.0" encoding="UTF-8"?>
<!-- Generated by org.testng.reporters.JUnitReportReporter -->
<testsuite hostname="Gigin" failures="0" tests="1" name="testngprograms.mousehower" time="4.346" errors="0" timestamp="2024-04-20T13:29:01 IST" skipped="0">
  <testcase classname="testngprograms.mousehower" name="mousehowerrr" time="4.346"/>
</testsuite> <!-- testngprograms.mousehower -->
